2018-09-11 14:10:27,426 [sdk-apache-idle-connection-cleaner] DEBUG o.a.h.i.c.PoolingHttpClientConnectionManager [closeIdleConnections] - Closing connections idle longer than 60000 MILLISECONDS
2018-09-11 14:10:58,433 [http-nio-8010-exec-7] DEBUG o.a.s.s.mgt.DefaultSessionManager [retrieveSession] - Unable to resolve session ID from SessionKey [org.apache.shiro.web.session.mgt.WebSessionKey@3745a745].  Returning null to indicate a session could not be found.
2018-09-11 14:10:58,435 [http-nio-8010-exec-7] DEBUG org.mybatis.spring.SqlSessionUtils [getSqlSession] - Creating a new SqlSession
2018-09-11 14:10:58,435 [http-nio-8010-exec-7] DEBUG org.mybatis.spring.SqlSessionUtils [registerSessionHolder] - SqlSession [org.apache.ibatis.session.defaults.DefaultSqlSession@7346757c] was not registered for synchronization because synchronization is not active
2018-09-11 14:10:58,436 [http-nio-8010-exec-7] DEBUG c.a.jdbc.AbstractDataSourceBean [logDebug] - AtomikosDataSoureBean 'dataSource': getConnection()...
2018-09-11 14:10:58,437 [http-nio-8010-exec-7] INFO  c.a.jdbc.AbstractDataSourceBean [logInfo] - AtomikosDataSoureBean 'dataSource': init...
2018-09-11 14:10:58,439 [http-nio-8010-exec-7] DEBUG c.a.jdbc.AtomikosConnectionProxy [logDebug] - atomikos connection proxy for com.mysql.jdbc.jdbc2.optional.JDBC4ConnectionWrapper@11609456: calling getAutoCommit...
2018-09-11 14:10:58,439 [http-nio-8010-exec-7] DEBUG c.a.jdbc.AtomikosConnectionProxy [logDebug] - atomikos connection proxy for com.mysql.jdbc.jdbc2.optional.JDBC4ConnectionWrapper@11609456: calling toString...
2018-09-11 14:10:58,439 [http-nio-8010-exec-7] DEBUG o.m.s.t.SpringManagedTransaction [openConnection] - JDBC Connection [com.mysql.jdbc.jdbc2.optional.JDBC4ConnectionWrapper@11609456] will not be managed by Spring
2018-09-11 14:10:58,442 [http-nio-8010-exec-7] DEBUG c.g.c.d.c.DistrictMapper.selectList [debug] - ==>  Preparing: SELECT district_code,district_name,district_parent_code,district_level FROM t_district WHERE district_level = ? 
2018-09-11 14:10:58,442 [http-nio-8010-exec-7] DEBUG c.a.jdbc.AtomikosConnectionProxy [logDebug] - atomikos connection proxy for com.mysql.jdbc.jdbc2.optional.JDBC4ConnectionWrapper@11609456: calling prepareStatement(SELECT  district_code,district_name,district_parent_code,district_level  FROM t_district  WHERE  district_level = ?)...
2018-09-11 14:10:58,448 [http-nio-8010-exec-7] DEBUG c.g.c.d.c.DistrictMapper.selectList [debug] - ==> Parameters: 1(Integer)
2018-09-11 14:10:58,465 [http-nio-8010-exec-7] DEBUG c.g.c.d.c.DistrictMapper.selectList [debug] - <==      Total: 9
2018-09-11 14:10:58,466 [http-nio-8010-exec-7] DEBUG org.mybatis.spring.SqlSessionUtils [closeSqlSession] - Closing non transactional SqlSession [org.apache.ibatis.session.defaults.DefaultSqlSession@7346757c]
2018-09-11 14:10:58,466 [http-nio-8010-exec-7] DEBUG c.a.jdbc.AtomikosConnectionProxy [logDebug] - atomikos connection proxy for com.mysql.jdbc.jdbc2.optional.JDBC4ConnectionWrapper@11609456: close()...
2018-09-11 14:11:27,430 [sdk-apache-idle-connection-cleaner] DEBUG o.a.h.i.c.PoolingHttpClientConnectionManager [closeIdleConnections] - Closing connections idle longer than 60000 MILLISECONDS
2018-09-11 14:12:15,025 [http-nio-8010-exec-10] DEBUG o.a.s.s.mgt.DefaultSessionManager [retrieveSession] - Unable to resolve session ID from SessionKey [org.apache.shiro.web.session.mgt.WebSessionKey@53b3916a].  Returning null to indicate a session could not be found.
2018-09-11 14:12:15,025 [http-nio-8010-exec-10] DEBUG org.mybatis.spring.SqlSessionUtils [getSqlSession] - Creating a new SqlSession
2018-09-11 14:12:15,026 [http-nio-8010-exec-10] DEBUG org.mybatis.spring.SqlSessionUtils [registerSessionHolder] - SqlSession [org.apache.ibatis.session.defaults.DefaultSqlSession@17b43bde] was not registered for synchronization because synchronization is not active
2018-09-11 14:12:15,026 [http-nio-8010-exec-10] DEBUG c.a.jdbc.AbstractDataSourceBean [logDebug] - AtomikosDataSoureBean 'dataSource': getConnection()...
2018-09-11 14:12:15,026 [http-nio-8010-exec-10] INFO  c.a.jdbc.AbstractDataSourceBean [logInfo] - AtomikosDataSoureBean 'dataSource': init...
2018-09-11 14:12:15,029 [http-nio-8010-exec-10] DEBUG c.a.jdbc.AtomikosConnectionProxy [logDebug] - atomikos connection proxy for com.mysql.jdbc.jdbc2.optional.JDBC4ConnectionWrapper@11609456: calling getAutoCommit...
2018-09-11 14:12:15,029 [http-nio-8010-exec-10] DEBUG c.a.jdbc.AtomikosConnectionProxy [logDebug] - atomikos connection proxy for com.mysql.jdbc.jdbc2.optional.JDBC4ConnectionWrapper@11609456: calling toString...
2018-09-11 14:12:15,029 [http-nio-8010-exec-10] DEBUG o.m.s.t.SpringManagedTransaction [openConnection] - JDBC Connection [com.mysql.jdbc.jdbc2.optional.JDBC4ConnectionWrapper@11609456] will not be managed by Spring
2018-09-11 14:12:15,030 [http-nio-8010-exec-10] DEBUG c.g.c.d.c.DistrictMapper.selectList [debug] - ==>  Preparing: SELECT district_code,district_name,district_parent_code,district_level FROM t_district WHERE district_level = ? 
2018-09-11 14:12:15,030 [http-nio-8010-exec-10] DEBUG c.a.jdbc.AtomikosConnectionProxy [logDebug] - atomikos connection proxy for com.mysql.jdbc.jdbc2.optional.JDBC4ConnectionWrapper@11609456: calling prepareStatement(SELECT  district_code,district_name,district_parent_code,district_level  FROM t_district  WHERE  district_level = ?)...
2018-09-11 14:12:15,030 [http-nio-8010-exec-10] DEBUG c.g.c.d.c.DistrictMapper.selectList [debug] - ==> Parameters: 1(Integer)
2018-09-11 14:12:15,033 [http-nio-8010-exec-10] DEBUG c.g.c.d.c.DistrictMapper.selectList [debug] - <==      Total: 9
2018-09-11 14:12:15,033 [http-nio-8010-exec-10] DEBUG org.mybatis.spring.SqlSessionUtils [closeSqlSession] - Closing non transactional SqlSession [org.apache.ibatis.session.defaults.DefaultSqlSession@17b43bde]
2018-09-11 14:12:15,034 [http-nio-8010-exec-10] DEBUG c.a.jdbc.AtomikosConnectionProxy [logDebug] - atomikos connection proxy for com.mysql.jdbc.jdbc2.optional.JDBC4ConnectionWrapper@11609456: close()...
2018-09-11 14:12:27,430 [sdk-apache-idle-connection-cleaner] DEBUG o.a.h.i.c.PoolingHttpClientConnectionManager [closeIdleConnections] - Closing connections idle longer than 60000 MILLISECONDS
2018-09-11 14:13:13,181 [http-nio-8010-exec-1] DEBUG o.a.s.s.mgt.DefaultSessionManager [retrieveSession] - Unable to resolve session ID from SessionKey [org.apache.shiro.web.session.mgt.WebSessionKey@9ea0053].  Returning null to indicate a session could not be found.
2018-09-11 14:13:13,181 [http-nio-8010-exec-1] DEBUG org.mybatis.spring.SqlSessionUtils [getSqlSession] - Creating a new SqlSession
2018-09-11 14:13:13,182 [http-nio-8010-exec-1] DEBUG org.mybatis.spring.SqlSessionUtils [registerSessionHolder] - SqlSession [org.apache.ibatis.session.defaults.DefaultSqlSession@67289a3d] was not registered for synchronization because synchronization is not active
2018-09-11 14:13:13,182 [http-nio-8010-exec-1] DEBUG c.a.jdbc.AbstractDataSourceBean [logDebug] - AtomikosDataSoureBean 'dataSource': getConnection()...
2018-09-11 14:13:13,182 [http-nio-8010-exec-1] INFO  c.a.jdbc.AbstractDataSourceBean [logInfo] - AtomikosDataSoureBean 'dataSource': init...
2018-09-11 14:13:13,184 [http-nio-8010-exec-1] DEBUG c.a.jdbc.AtomikosConnectionProxy [logDebug] - atomikos connection proxy for com.mysql.jdbc.jdbc2.optional.JDBC4ConnectionWrapper@11609456: calling getAutoCommit...
2018-09-11 14:13:13,185 [http-nio-8010-exec-1] DEBUG c.a.jdbc.AtomikosConnectionProxy [logDebug] - atomikos connection proxy for com.mysql.jdbc.jdbc2.optional.JDBC4ConnectionWrapper@11609456: calling toString...
2018-09-11 14:13:13,185 [http-nio-8010-exec-1] DEBUG o.m.s.t.SpringManagedTransaction [openConnection] - JDBC Connection [com.mysql.jdbc.jdbc2.optional.JDBC4ConnectionWrapper@11609456] will not be managed by Spring
2018-09-11 14:13:13,185 [http-nio-8010-exec-1] DEBUG c.g.c.d.c.DistrictMapper.selectList [debug] - ==>  Preparing: SELECT district_code,district_name,district_parent_code,district_level FROM t_district WHERE district_level = ? 
2018-09-11 14:13:13,186 [http-nio-8010-exec-1] DEBUG c.a.jdbc.AtomikosConnectionProxy [logDebug] - atomikos connection proxy for com.mysql.jdbc.jdbc2.optional.JDBC4ConnectionWrapper@11609456: calling prepareStatement(SELECT  district_code,district_name,district_parent_code,district_level  FROM t_district  WHERE  district_level = ?)...
2018-09-11 14:13:13,186 [http-nio-8010-exec-1] DEBUG c.g.c.d.c.DistrictMapper.selectList [debug] - ==> Parameters: 1(Integer)
2018-09-11 14:13:13,189 [http-nio-8010-exec-1] DEBUG c.g.c.d.c.DistrictMapper.selectList [debug] - <==      Total: 9
2018-09-11 14:13:13,189 [http-nio-8010-exec-1] DEBUG org.mybatis.spring.SqlSessionUtils [closeSqlSession] - Closing non transactional SqlSession [org.apache.ibatis.session.defaults.DefaultSqlSession@67289a3d]
2018-09-11 14:13:13,190 [http-nio-8010-exec-1] DEBUG c.a.jdbc.AtomikosConnectionProxy [logDebug] - atomikos connection proxy for com.mysql.jdbc.jdbc2.optional.JDBC4ConnectionWrapper@11609456: close()...
2018-09-11 14:13:27,430 [sdk-apache-idle-connection-cleaner] DEBUG o.a.h.i.c.PoolingHttpClientConnectionManager [closeIdleConnections] - Closing connections idle longer than 60000 MILLISECONDS
2018-09-11 14:14:04,568 [http-nio-8010-exec-5] DEBUG o.a.s.s.mgt.DefaultSessionManager [retrieveSession] - Unable to resolve session ID from SessionKey [org.apache.shiro.web.session.mgt.WebSessionKey@77097516].  Returning null to indicate a session could not be found.
2018-09-11 14:14:04,568 [http-nio-8010-exec-5] DEBUG org.mybatis.spring.SqlSessionUtils [getSqlSession] - Creating a new SqlSession
2018-09-11 14:14:04,568 [http-nio-8010-exec-5] DEBUG org.mybatis.spring.SqlSessionUtils [registerSessionHolder] - SqlSession [org.apache.ibatis.session.defaults.DefaultSqlSession@60326e49] was not registered for synchronization because synchronization is not active
2018-09-11 14:14:04,569 [http-nio-8010-exec-5] DEBUG c.a.jdbc.AbstractDataSourceBean [logDebug] - AtomikosDataSoureBean 'dataSource': getConnection()...
2018-09-11 14:14:04,569 [http-nio-8010-exec-5] INFO  c.a.jdbc.AbstractDataSourceBean [logInfo] - AtomikosDataSoureBean 'dataSource': init...
2018-09-11 14:14:04,571 [http-nio-8010-exec-5] DEBUG c.a.jdbc.AtomikosConnectionProxy [logDebug] - atomikos connection proxy for com.mysql.jdbc.jdbc2.optional.JDBC4ConnectionWrapper@11609456: calling getAutoCommit...
2018-09-11 14:14:04,571 [http-nio-8010-exec-5] DEBUG c.a.jdbc.AtomikosConnectionProxy [logDebug] - atomikos connection proxy for com.mysql.jdbc.jdbc2.optional.JDBC4ConnectionWrapper@11609456: calling toString...
2018-09-11 14:14:04,572 [http-nio-8010-exec-5] DEBUG o.m.s.t.SpringManagedTransaction [openConnection] - JDBC Connection [com.mysql.jdbc.jdbc2.optional.JDBC4ConnectionWrapper@11609456] will not be managed by Spring
2018-09-11 14:14:04,572 [http-nio-8010-exec-5] DEBUG c.g.c.d.c.DistrictMapper.selectList [debug] - ==>  Preparing: SELECT district_code,district_name,district_parent_code,district_level FROM t_district WHERE district_level = ? 
2018-09-11 14:14:04,572 [http-nio-8010-exec-5] DEBUG c.a.jdbc.AtomikosConnectionProxy [logDebug] - atomikos connection proxy for com.mysql.jdbc.jdbc2.optional.JDBC4ConnectionWrapper@11609456: calling prepareStatement(SELECT  district_code,district_name,district_parent_code,district_level  FROM t_district  WHERE  district_level = ?)...
2018-09-11 14:14:04,572 [http-nio-8010-exec-5] DEBUG c.g.c.d.c.DistrictMapper.selectList [debug] - ==> Parameters: 1(Integer)
2018-09-11 14:14:04,575 [http-nio-8010-exec-5] DEBUG c.g.c.d.c.DistrictMapper.selectList [debug] - <==      Total: 9
2018-09-11 14:14:04,575 [http-nio-8010-exec-5] DEBUG org.mybatis.spring.SqlSessionUtils [closeSqlSession] - Closing non transactional SqlSession [org.apache.ibatis.session.defaults.DefaultSqlSession@60326e49]
2018-09-11 14:14:04,576 [http-nio-8010-exec-5] DEBUG c.a.jdbc.AtomikosConnectionProxy [logDebug] - atomikos connection proxy for com.mysql.jdbc.jdbc2.optional.JDBC4ConnectionWrapper@11609456: close()...
2018-09-11 14:14:27,431 [sdk-apache-idle-connection-cleaner] DEBUG o.a.h.i.c.PoolingHttpClientConnectionManager [closeIdleConnections] - Closing connections idle longer than 60000 MILLISECONDS
2018-09-11 14:14:35,557 [http-nio-8010-exec-3] DEBUG o.a.s.s.mgt.DefaultSessionManager [retrieveSession] - Unable to resolve session ID from SessionKey [org.apache.shiro.web.session.mgt.WebSessionKey@640d183].  Returning null to indicate a session could not be found.
2018-09-11 14:14:35,558 [http-nio-8010-exec-3] DEBUG org.mybatis.spring.SqlSessionUtils [getSqlSession] - Creating a new SqlSession
2018-09-11 14:14:35,558 [http-nio-8010-exec-3] DEBUG org.mybatis.spring.SqlSessionUtils [registerSessionHolder] - SqlSession [org.apache.ibatis.session.defaults.DefaultSqlSession@569b661b] was not registered for synchronization because synchronization is not active
2018-09-11 14:14:35,559 [http-nio-8010-exec-3] DEBUG c.a.jdbc.AbstractDataSourceBean [logDebug] - AtomikosDataSoureBean 'dataSource': getConnection()...
2018-09-11 14:14:35,559 [http-nio-8010-exec-3] INFO  c.a.jdbc.AbstractDataSourceBean [logInfo] - AtomikosDataSoureBean 'dataSource': init...
2018-09-11 14:14:35,561 [http-nio-8010-exec-3] DEBUG c.a.jdbc.AtomikosConnectionProxy [logDebug] - atomikos connection proxy for com.mysql.jdbc.jdbc2.optional.JDBC4ConnectionWrapper@11609456: calling getAutoCommit...
2018-09-11 14:14:35,561 [http-nio-8010-exec-3] DEBUG c.a.jdbc.AtomikosConnectionProxy [logDebug] - atomikos connection proxy for com.mysql.jdbc.jdbc2.optional.JDBC4ConnectionWrapper@11609456: calling toString...
2018-09-11 14:14:35,561 [http-nio-8010-exec-3] DEBUG o.m.s.t.SpringManagedTransaction [openConnection] - JDBC Connection [com.mysql.jdbc.jdbc2.optional.JDBC4ConnectionWrapper@11609456] will not be managed by Spring
2018-09-11 14:14:35,561 [http-nio-8010-exec-3] DEBUG c.g.c.d.c.DistrictMapper.selectList [debug] - ==>  Preparing: SELECT district_code,district_name,district_parent_code,district_level FROM t_district WHERE district_level = ? 
2018-09-11 14:14:35,562 [http-nio-8010-exec-3] DEBUG c.a.jdbc.AtomikosConnectionProxy [logDebug] - atomikos connection proxy for com.mysql.jdbc.jdbc2.optional.JDBC4ConnectionWrapper@11609456: calling prepareStatement(SELECT  district_code,district_name,district_parent_code,district_level  FROM t_district  WHERE  district_level = ?)...
2018-09-11 14:14:35,562 [http-nio-8010-exec-3] DEBUG c.g.c.d.c.DistrictMapper.selectList [debug] - ==> Parameters: 1(Integer)
2018-09-11 14:14:35,563 [http-nio-8010-exec-3] DEBUG c.g.c.d.c.DistrictMapper.selectList [debug] - <==      Total: 9
2018-09-11 14:14:35,564 [http-nio-8010-exec-3] DEBUG org.mybatis.spring.SqlSessionUtils [closeSqlSession] - Closing non transactional SqlSession [org.apache.ibatis.session.defaults.DefaultSqlSession@569b661b]
2018-09-11 14:14:35,564 [http-nio-8010-exec-3] DEBUG c.a.jdbc.AtomikosConnectionProxy [logDebug] - atomikos connection proxy for com.mysql.jdbc.jdbc2.optional.JDBC4ConnectionWrapper@11609456: close()...
2018-09-11 14:14:42,325 [http-nio-8010-exec-4] DEBUG o.a.s.s.mgt.DefaultSessionManager [retrieveSession] - Unable to resolve session ID from SessionKey [org.apache.shiro.web.session.mgt.WebSessionKey@51b620db].  Returning null to indicate a session could not be found.
2018-09-11 14:14:42,326 [http-nio-8010-exec-4] DEBUG org.mybatis.spring.SqlSessionUtils [getSqlSession] - Creating a new SqlSession
2018-09-11 14:14:42,326 [http-nio-8010-exec-4] DEBUG org.mybatis.spring.SqlSessionUtils [registerSessionHolder] - SqlSession [org.apache.ibatis.session.defaults.DefaultSqlSession@5595498e] was not registered for synchronization because synchronization is not active
2018-09-11 14:14:42,327 [http-nio-8010-exec-4] DEBUG c.a.jdbc.AbstractDataSourceBean [logDebug] - AtomikosDataSoureBean 'dataSource': getConnection()...
2018-09-11 14:14:42,327 [http-nio-8010-exec-4] INFO  c.a.jdbc.AbstractDataSourceBean [logInfo] - AtomikosDataSoureBean 'dataSource': init...
2018-09-11 14:14:42,329 [http-nio-8010-exec-4] DEBUG c.a.jdbc.AtomikosConnectionProxy [logDebug] - atomikos connection proxy for com.mysql.jdbc.jdbc2.optional.JDBC4ConnectionWrapper@11609456: calling getAutoCommit...
2018-09-11 14:14:42,330 [http-nio-8010-exec-4] DEBUG c.a.jdbc.AtomikosConnectionProxy [logDebug] - atomikos connection proxy for com.mysql.jdbc.jdbc2.optional.JDBC4ConnectionWrapper@11609456: calling toString...
2018-09-11 14:14:42,330 [http-nio-8010-exec-4] DEBUG o.m.s.t.SpringManagedTransaction [openConnection] - JDBC Connection [com.mysql.jdbc.jdbc2.optional.JDBC4ConnectionWrapper@11609456] will not be managed by Spring
2018-09-11 14:14:42,331 [http-nio-8010-exec-4] DEBUG c.g.c.d.c.DistrictMapper.selectList [debug] - ==>  Preparing: SELECT district_code,district_name,district_parent_code,district_level FROM t_district WHERE district_level = ? 
2018-09-11 14:14:42,331 [http-nio-8010-exec-4] DEBUG c.a.jdbc.AtomikosConnectionProxy [logDebug] - atomikos connection proxy for com.mysql.jdbc.jdbc2.optional.JDBC4ConnectionWrapper@11609456: calling prepareStatement(SELECT  district_code,district_name,district_parent_code,district_level  FROM t_district  WHERE  district_level = ?)...
2018-09-11 14:14:42,331 [http-nio-8010-exec-4] DEBUG c.g.c.d.c.DistrictMapper.selectList [debug] - ==> Parameters: 1(Integer)
2018-09-11 14:14:42,334 [http-nio-8010-exec-4] DEBUG c.g.c.d.c.DistrictMapper.selectList [debug] - <==      Total: 9
2018-09-11 14:14:42,334 [http-nio-8010-exec-4] DEBUG org.mybatis.spring.SqlSessionUtils [closeSqlSession] - Closing non transactional SqlSession [org.apache.ibatis.session.defaults.DefaultSqlSession@5595498e]
2018-09-11 14:14:42,334 [http-nio-8010-exec-4] DEBUG c.a.jdbc.AtomikosConnectionProxy [logDebug] - atomikos connection proxy for com.mysql.jdbc.jdbc2.optional.JDBC4ConnectionWrapper@11609456: close()...
2018-09-11 14:14:47,570 [http-nio-8010-exec-6] DEBUG o.a.s.s.mgt.DefaultSessionManager [retrieveSession] - Unable to resolve session ID from SessionKey [org.apache.shiro.web.session.mgt.WebSessionKey@1163bc90].  Returning null to indicate a session could not be found.
2018-09-11 14:14:47,572 [http-nio-8010-exec-6] DEBUG c.a.i.i.CompositeTransactionManagerImp [logDebug] - createCompositeTransaction ( 10000 ): created new ROOT transaction with id 192.168.2.106.tm153664648757100006
2018-09-11 14:14:47,572 [http-nio-8010-exec-6] DEBUG org.mybatis.spring.SqlSessionUtils [getSqlSession] - Creating a new SqlSession
2018-09-11 14:14:47,573 [http-nio-8010-exec-6] DEBUG org.mybatis.spring.SqlSessionUtils [registerSessionHolder] - Registering transaction synchronization for SqlSession [org.apache.ibatis.session.defaults.DefaultSqlSession@71d2f4d5]
2018-09-11 14:14:47,573 [http-nio-8010-exec-6] DEBUG c.a.jdbc.AbstractDataSourceBean [logDebug] - AtomikosDataSoureBean 'dataSource2': getConnection()...
2018-09-11 14:14:47,573 [http-nio-8010-exec-6] INFO  c.a.jdbc.AbstractDataSourceBean [logInfo] - AtomikosDataSoureBean 'dataSource2': init...
2018-09-11 14:14:47,575 [http-nio-8010-exec-6] DEBUG c.a.jdbc.AtomikosConnectionProxy [logDebug] - atomikos connection proxy for com.mysql.jdbc.jdbc2.optional.JDBC4ConnectionWrapper@e080ce5: calling getAutoCommit...
2018-09-11 14:14:47,575 [http-nio-8010-exec-6] DEBUG c.a.jdbc.AtomikosConnectionProxy [logDebug] - atomikos connection proxy for com.mysql.jdbc.jdbc2.optional.JDBC4ConnectionWrapper@e080ce5: calling toString...
2018-09-11 14:14:47,576 [http-nio-8010-exec-6] DEBUG o.m.s.t.SpringManagedTransaction [openConnection] - JDBC Connection [com.mysql.jdbc.jdbc2.optional.JDBC4ConnectionWrapper@e080ce5] will be managed by Spring
2018-09-11 14:14:47,576 [http-nio-8010-exec-6] DEBUG c.g.c.d.c.UserInfoMapper.selectOne [debug] - ==>  Preparing: SELECT user_id,user_type,user_real_name,user_pwd,user_tel,user_nick_name,user_sex,user_avatar,province,city,country,user_state,insert_dt FROM t_user_info WHERE user_tel = ? AND user_pwd = ? 
2018-09-11 14:14:47,577 [http-nio-8010-exec-6] DEBUG c.a.i.imp.CompositeTransactionImp [logDebug] - addParticipant ( XAResourceTransaction: 3139322E3136382E322E3130362E746D313533363634363438373537313030303036:3139322E3136382E322E3130362E746D36 ) for transaction 192.168.2.106.tm153664648757100006
2018-09-11 14:14:47,577 [http-nio-8010-exec-6] DEBUG c.a.d.xa.XAResourceTransaction [logDebug] - XAResource.start ( 3139322E3136382E322E3130362E746D313533363634363438373537313030303036:3139322E3136382E322E3130362E746D36 , XAResource.TMNOFLAGS ) on resource dataSource2 represented by XAResource instance com.mysql.jdbc.jdbc2.optional.JDBC4SuspendableXAConnection@3697dc86
2018-09-11 14:14:47,580 [http-nio-8010-exec-6] DEBUG c.a.i.imp.CompositeTransactionImp [logDebug] - registerSynchronization ( com.atomikos.jdbc.AtomikosConnectionProxy$JdbcRequeueSynchronization@ffced994 ) for transaction 192.168.2.106.tm153664648757100006
2018-09-11 14:14:47,581 [http-nio-8010-exec-6] DEBUG c.a.jdbc.AtomikosConnectionProxy [logDebug] - atomikos connection proxy for com.mysql.jdbc.jdbc2.optional.JDBC4ConnectionWrapper@e080ce5: calling prepareStatement(SELECT  user_id,user_type,user_real_name,user_pwd,user_tel,user_nick_name,user_sex,user_avatar,province,city,country,user_state,insert_dt  FROM t_user_info  WHERE  user_tel = ? AND user_pwd = ?)...
2018-09-11 14:14:47,581 [http-nio-8010-exec-6] DEBUG c.g.c.d.c.UserInfoMapper.selectOne [debug] - ==> Parameters: 18275224868(String), e10adc3949ba59abbe56e057f20f883e(String)
2018-09-11 14:14:47,584 [http-nio-8010-exec-6] DEBUG c.g.c.d.c.UserInfoMapper.selectOne [debug] - <==      Total: 1
2018-09-11 14:14:47,584 [http-nio-8010-exec-6] DEBUG org.mybatis.spring.SqlSessionUtils [closeSqlSession] - Releasing transactional SqlSession [org.apache.ibatis.session.defaults.DefaultSqlSession@71d2f4d5]
2018-09-11 14:14:47,584 [http-nio-8010-exec-6] DEBUG org.mybatis.spring.SqlSessionUtils [sessionHolder] - Fetched SqlSession [org.apache.ibatis.session.defaults.DefaultSqlSession@71d2f4d5] from current transaction
2018-09-11 14:14:47,585 [http-nio-8010-exec-6] DEBUG c.g.c.d.c.U.selectById [debug] - ==>  Preparing: SELECT user_id,push_tag,push_alias,push_regid FROM t_user_sms_push WHERE user_id=? 
2018-09-11 14:14:47,585 [http-nio-8010-exec-6] DEBUG c.a.i.imp.CompositeTransactionImp [logDebug] - registerSynchronization ( com.atomikos.jdbc.AtomikosConnectionProxy$JdbcRequeueSynchronization@ffced994 ) for transaction 192.168.2.106.tm153664648757100006
2018-09-11 14:14:47,585 [http-nio-8010-exec-6] DEBUG c.a.jdbc.AtomikosConnectionProxy [logDebug] - atomikos connection proxy for com.mysql.jdbc.jdbc2.optional.JDBC4ConnectionWrapper@e080ce5: calling prepareStatement(SELECT user_id,push_tag,push_alias,push_regid FROM t_user_sms_push WHERE user_id=?)...
2018-09-11 14:14:47,585 [http-nio-8010-exec-6] DEBUG c.g.c.d.c.U.selectById [debug] - ==> Parameters: 3(Integer)
2018-09-11 14:14:47,587 [http-nio-8010-exec-6] DEBUG c.g.c.d.c.U.selectById [debug] - <==      Total: 1
2018-09-11 14:14:47,587 [http-nio-8010-exec-6] DEBUG org.mybatis.spring.SqlSessionUtils [closeSqlSession] - Releasing transactional SqlSession [org.apache.ibatis.session.defaults.DefaultSqlSession@71d2f4d5]
2018-09-11 14:14:47,588 [http-nio-8010-exec-6] DEBUG org.mybatis.spring.SqlSessionUtils [sessionHolder] - Fetched SqlSession [org.apache.ibatis.session.defaults.DefaultSqlSession@71d2f4d5] from current transaction
2018-09-11 14:14:47,588 [http-nio-8010-exec-6] DEBUG c.g.c.d.c.U.updateById [debug] - ==>  Preparing: UPDATE t_user_sms_push SET push_tag=?, push_alias=?, push_regid=? WHERE user_id=? 
2018-09-11 14:14:47,589 [http-nio-8010-exec-6] DEBUG c.a.i.imp.CompositeTransactionImp [logDebug] - registerSynchronization ( com.atomikos.jdbc.AtomikosConnectionProxy$JdbcRequeueSynchronization@ffced994 ) for transaction 192.168.2.106.tm153664648757100006
2018-09-11 14:14:47,589 [http-nio-8010-exec-6] DEBUG c.a.jdbc.AtomikosConnectionProxy [logDebug] - atomikos connection proxy for com.mysql.jdbc.jdbc2.optional.JDBC4ConnectionWrapper@e080ce5: calling prepareStatement(UPDATE t_user_sms_push  SET push_tag=?,
push_alias=?,
push_regid=?  WHERE user_id=?)...
2018-09-11 14:14:47,589 [http-nio-8010-exec-6] DEBUG c.g.c.d.c.U.updateById [debug] - ==> Parameters: IPhone_7(String), DEFAULT(String), 18171adc03587e16f70(String), 3(Integer)
2018-09-11 14:14:47,593 [http-nio-8010-exec-6] DEBUG c.g.c.d.c.U.updateById [debug] - <==    Updates: 1
2018-09-11 14:14:47,593 [http-nio-8010-exec-6] DEBUG org.mybatis.spring.SqlSessionUtils [closeSqlSession] - Releasing transactional SqlSession [org.apache.ibatis.session.defaults.DefaultSqlSession@71d2f4d5]
2018-09-11 14:14:47,596 [http-nio-8010-exec-6] DEBUG org.mybatis.spring.SqlSessionUtils [beforeCommit] - Transaction synchronization committing SqlSession [org.apache.ibatis.session.defaults.DefaultSqlSession@71d2f4d5]
2018-09-11 14:14:47,596 [http-nio-8010-exec-6] DEBUG org.mybatis.spring.SqlSessionUtils [beforeCompletion] - Transaction synchronization deregistering SqlSession [org.apache.ibatis.session.defaults.DefaultSqlSession@71d2f4d5]
2018-09-11 14:14:47,596 [http-nio-8010-exec-6] DEBUG org.mybatis.spring.SqlSessionUtils [beforeCompletion] - Transaction synchronization closing SqlSession [org.apache.ibatis.session.defaults.DefaultSqlSession@71d2f4d5]
2018-09-11 14:14:47,596 [http-nio-8010-exec-6] DEBUG c.a.jdbc.AtomikosConnectionProxy [logDebug] - atomikos connection proxy for com.mysql.jdbc.jdbc2.optional.JDBC4ConnectionWrapper@e080ce5: close()...
2018-09-11 14:14:47,597 [http-nio-8010-exec-6] DEBUG c.a.d.xa.XAResourceTransaction [logDebug] - XAResource.end ( 3139322E3136382E322E3130362E746D313533363634363438373537313030303036:3139322E3136382E322E3130362E746D36 , XAResource.TMSUCCESS ) on resource dataSource2 represented by XAResource instance com.mysql.jdbc.jdbc2.optional.JDBC4SuspendableXAConnection@3697dc86
2018-09-11 14:14:47,600 [http-nio-8010-exec-6] DEBUG c.a.i.imp.CompositeTransactionImp [logDebug] - commit() done (by application) of transaction 192.168.2.106.tm153664648757100006
2018-09-11 14:14:47,600 [http-nio-8010-exec-6] DEBUG c.a.d.xa.XAResourceTransaction [logDebug] - XAResource.commit ( 3139322E3136382E322E3130362E746D313533363634363438373537313030303036:3139322E3136382E322E3130362E746D36 , true ) on resource dataSource2 represented by XAResource instance com.mysql.jdbc.jdbc2.optional.JDBC4SuspendableXAConnection@3697dc86
2018-09-11 14:15:27,431 [sdk-apache-idle-connection-cleaner] DEBUG o.a.h.i.c.PoolingHttpClientConnectionManager [closeIdleConnections] - Closing connections idle longer than 60000 MILLISECONDS
2018-09-11 14:15:51,515 [http-nio-8010-exec-10] DEBUG o.a.s.s.mgt.DefaultSessionManager [retrieveSession] - Unable to resolve session ID from SessionKey [org.apache.shiro.web.session.mgt.WebSessionKey@4fdba598].  Returning null to indicate a session could not be found.
2018-09-11 14:15:51,516 [http-nio-8010-exec-10] DEBUG org.mybatis.spring.SqlSessionUtils [getSqlSession] - Creating a new SqlSession
2018-09-11 14:15:51,516 [http-nio-8010-exec-10] DEBUG org.mybatis.spring.SqlSessionUtils [registerSessionHolder] - SqlSession [org.apache.ibatis.session.defaults.DefaultSqlSession@22e45ede] was not registered for synchronization because synchronization is not active
2018-09-11 14:15:51,517 [http-nio-8010-exec-10] DEBUG c.a.jdbc.AbstractDataSourceBean [logDebug] - AtomikosDataSoureBean 'dataSource': getConnection()...
2018-09-11 14:15:51,517 [http-nio-8010-exec-10] INFO  c.a.jdbc.AbstractDataSourceBean [logInfo] - AtomikosDataSoureBean 'dataSource': init...
2018-09-11 14:15:51,519 [http-nio-8010-exec-10] DEBUG c.a.jdbc.AtomikosConnectionProxy [logDebug] - atomikos connection proxy for com.mysql.jdbc.jdbc2.optional.JDBC4ConnectionWrapper@11609456: calling getAutoCommit...
2018-09-11 14:15:51,519 [http-nio-8010-exec-10] DEBUG c.a.jdbc.AtomikosConnectionProxy [logDebug] - atomikos connection proxy for com.mysql.jdbc.jdbc2.optional.JDBC4ConnectionWrapper@11609456: calling toString...
2018-09-11 14:15:51,520 [http-nio-8010-exec-10] DEBUG o.m.s.t.SpringManagedTransaction [openConnection] - JDBC Connection [com.mysql.jdbc.jdbc2.optional.JDBC4ConnectionWrapper@11609456] will not be managed by Spring
2018-09-11 14:15:51,520 [http-nio-8010-exec-10] DEBUG c.g.c.d.c.DistrictMapper.selectList [debug] - ==>  Preparing: SELECT district_code,district_name,district_parent_code,district_level FROM t_district WHERE district_level = ? 
2018-09-11 14:15:51,520 [http-nio-8010-exec-10] DEBUG c.a.jdbc.AtomikosConnectionProxy [logDebug] - atomikos connection proxy for com.mysql.jdbc.jdbc2.optional.JDBC4ConnectionWrapper@11609456: calling prepareStatement(SELECT  district_code,district_name,district_parent_code,district_level  FROM t_district  WHERE  district_level = ?)...
2018-09-11 14:15:51,521 [http-nio-8010-exec-10] DEBUG c.g.c.d.c.DistrictMapper.selectList [debug] - ==> Parameters: 1(Integer)
2018-09-11 14:15:51,523 [http-nio-8010-exec-10] DEBUG c.g.c.d.c.DistrictMapper.selectList [debug] - <==      Total: 9
2018-09-11 14:15:51,524 [http-nio-8010-exec-10] DEBUG org.mybatis.spring.SqlSessionUtils [closeSqlSession] - Closing non transactional SqlSession [org.apache.ibatis.session.defaults.DefaultSqlSession@22e45ede]
2018-09-11 14:15:51,524 [http-nio-8010-exec-10] DEBUG c.a.jdbc.AtomikosConnectionProxy [logDebug] - atomikos connection proxy for com.mysql.jdbc.jdbc2.optional.JDBC4ConnectionWrapper@11609456: close()...
2018-09-11 14:16:27,431 [sdk-apache-idle-connection-cleaner] DEBUG o.a.h.i.c.PoolingHttpClientConnectionManager [closeIdleConnections] - Closing connections idle longer than 60000 MILLISECONDS
2018-09-11 14:17:27,432 [sdk-apache-idle-connection-cleaner] DEBUG o.a.h.i.c.PoolingHttpClientConnectionManager [closeIdleConnections] - Closing connections idle longer than 60000 MILLISECONDS
2018-09-11 14:18:27,433 [sdk-apache-idle-connection-cleaner] DEBUG o.a.h.i.c.PoolingHttpClientConnectionManager [closeIdleConnections] - Closing connections idle longer than 60000 MILLISECONDS
2018-09-11 14:18:54,780 [http-nio-8010-exec-1] DEBUG o.a.s.s.mgt.DefaultSessionManager [retrieveSession] - Unable to resolve session ID from SessionKey [org.apache.shiro.web.session.mgt.WebSessionKey@9303477].  Returning null to indicate a session could not be found.
2018-09-11 14:18:54,781 [http-nio-8010-exec-1] DEBUG org.mybatis.spring.SqlSessionUtils [getSqlSession] - Creating a new SqlSession
2018-09-11 14:18:54,781 [http-nio-8010-exec-1] DEBUG org.mybatis.spring.SqlSessionUtils [registerSessionHolder] - SqlSession [org.apache.ibatis.session.defaults.DefaultSqlSession@39936687] was not registered for synchronization because synchronization is not active
2018-09-11 14:18:54,782 [http-nio-8010-exec-1] DEBUG c.a.jdbc.AbstractDataSourceBean [logDebug] - AtomikosDataSoureBean 'dataSource': getConnection()...
2018-09-11 14:18:54,782 [http-nio-8010-exec-1] INFO  c.a.jdbc.AbstractDataSourceBean [logInfo] - AtomikosDataSoureBean 'dataSource': init...
2018-09-11 14:18:54,784 [http-nio-8010-exec-1] DEBUG c.a.jdbc.AtomikosConnectionProxy [logDebug] - atomikos connection proxy for com.mysql.jdbc.jdbc2.optional.JDBC4ConnectionWrapper@11609456: calling getAutoCommit...
2018-09-11 14:18:54,785 [http-nio-8010-exec-1] DEBUG c.a.jdbc.AtomikosConnectionProxy [logDebug] - atomikos connection proxy for com.mysql.jdbc.jdbc2.optional.JDBC4ConnectionWrapper@11609456: calling toString...
2018-09-11 14:18:54,785 [http-nio-8010-exec-1] DEBUG o.m.s.t.SpringManagedTransaction [openConnection] - JDBC Connection [com.mysql.jdbc.jdbc2.optional.JDBC4ConnectionWrapper@11609456] will not be managed by Spring
2018-09-11 14:18:54,785 [http-nio-8010-exec-1] DEBUG c.g.c.d.c.DistrictMapper.selectList [debug] - ==>  Preparing: SELECT district_code,district_name,district_parent_code,district_level FROM t_district WHERE district_level = ? 
2018-09-11 14:18:54,785 [http-nio-8010-exec-1] DEBUG c.a.jdbc.AtomikosConnectionProxy [logDebug] - atomikos connection proxy for com.mysql.jdbc.jdbc2.optional.JDBC4ConnectionWrapper@11609456: calling prepareStatement(SELECT  district_code,district_name,district_parent_code,district_level  FROM t_district  WHERE  district_level = ?)...
2018-09-11 14:18:54,786 [http-nio-8010-exec-1] DEBUG c.g.c.d.c.DistrictMapper.selectList [debug] - ==> Parameters: 1(Integer)
2018-09-11 14:18:54,789 [http-nio-8010-exec-1] DEBUG c.g.c.d.c.DistrictMapper.selectList [debug] - <==      Total: 9
2018-09-11 14:18:54,789 [http-nio-8010-exec-1] DEBUG org.mybatis.spring.SqlSessionUtils [closeSqlSession] - Closing non transactional SqlSession [org.apache.ibatis.session.defaults.DefaultSqlSession@39936687]
2018-09-11 14:18:54,789 [http-nio-8010-exec-1] DEBUG c.a.jdbc.AtomikosConnectionProxy [logDebug] - atomikos connection proxy for com.mysql.jdbc.jdbc2.optional.JDBC4ConnectionWrapper@11609456: close()...
2018-09-11 14:19:27,433 [sdk-apache-idle-connection-cleaner] DEBUG o.a.h.i.c.PoolingHttpClientConnectionManager [closeIdleConnections] - Closing connections idle longer than 60000 MILLISECONDS
2018-09-11 14:20:27,433 [sdk-apache-idle-connection-cleaner] DEBUG o.a.h.i.c.PoolingHttpClientConnectionManager [closeIdleConnections] - Closing connections idle longer than 60000 MILLISECONDS
2018-09-11 14:20:45,862 [http-nio-8010-exec-5] DEBUG o.a.s.s.mgt.DefaultSessionManager [retrieveSession] - Unable to resolve session ID from SessionKey [org.apache.shiro.web.session.mgt.WebSessionKey@672eafcf].  Returning null to indicate a session could not be found.
2018-09-11 14:20:45,863 [http-nio-8010-exec-5] DEBUG org.mybatis.spring.SqlSessionUtils [getSqlSession] - Creating a new SqlSession
2018-09-11 14:20:45,863 [http-nio-8010-exec-5] DEBUG org.mybatis.spring.SqlSessionUtils [registerSessionHolder] - SqlSession [org.apache.ibatis.session.defaults.DefaultSqlSession@828b631] was not registered for synchronization because synchronization is not active
2018-09-11 14:20:45,864 [http-nio-8010-exec-5] DEBUG c.a.jdbc.AbstractDataSourceBean [logDebug] - AtomikosDataSoureBean 'dataSource': getConnection()...
2018-09-11 14:20:45,864 [http-nio-8010-exec-5] INFO  c.a.jdbc.AbstractDataSourceBean [logInfo] - AtomikosDataSoureBean 'dataSource': init...
2018-09-11 14:20:45,866 [http-nio-8010-exec-5] DEBUG c.a.jdbc.AtomikosConnectionProxy [logDebug] - atomikos connection proxy for com.mysql.jdbc.jdbc2.optional.JDBC4ConnectionWrapper@11609456: calling getAutoCommit...
2018-09-11 14:20:45,866 [http-nio-8010-exec-5] DEBUG c.a.jdbc.AtomikosConnectionProxy [logDebug] - atomikos connection proxy for com.mysql.jdbc.jdbc2.optional.JDBC4ConnectionWrapper@11609456: calling toString...
2018-09-11 14:20:45,867 [http-nio-8010-exec-5] DEBUG o.m.s.t.SpringManagedTransaction [openConnection] - JDBC Connection [com.mysql.jdbc.jdbc2.optional.JDBC4ConnectionWrapper@11609456] will not be managed by Spring
2018-09-11 14:20:45,867 [http-nio-8010-exec-5] DEBUG c.g.c.d.c.DistrictMapper.selectList [debug] - ==>  Preparing: SELECT district_code,district_name,district_parent_code,district_level FROM t_district WHERE district_level = ? 
2018-09-11 14:20:45,867 [http-nio-8010-exec-5] DEBUG c.a.jdbc.AtomikosConnectionProxy [logDebug] - atomikos connection proxy for com.mysql.jdbc.jdbc2.optional.JDBC4ConnectionWrapper@11609456: calling prepareStatement(SELECT  district_code,district_name,district_parent_code,district_level  FROM t_district  WHERE  district_level = ?)...
2018-09-11 14:20:45,868 [http-nio-8010-exec-5] DEBUG c.g.c.d.c.DistrictMapper.selectList [debug] - ==> Parameters: 1(Integer)
2018-09-11 14:20:45,870 [http-nio-8010-exec-5] DEBUG c.g.c.d.c.DistrictMapper.selectList [debug] - <==      Total: 9
2018-09-11 14:20:45,871 [http-nio-8010-exec-5] DEBUG org.mybatis.spring.SqlSessionUtils [closeSqlSession] - Closing non transactional SqlSession [org.apache.ibatis.session.defaults.DefaultSqlSession@828b631]
2018-09-11 14:20:45,871 [http-nio-8010-exec-5] DEBUG c.a.jdbc.AtomikosConnectionProxy [logDebug] - atomikos connection proxy for com.mysql.jdbc.jdbc2.optional.JDBC4ConnectionWrapper@11609456: close()...
2018-09-11 14:21:27,434 [sdk-apache-idle-connection-cleaner] DEBUG o.a.h.i.c.PoolingHttpClientConnectionManager [closeIdleConnections] - Closing connections idle longer than 60000 MILLISECONDS
